[INFO] Iniciando build (variant=debug, task=:app:assembleDebug)
> Task :app:preBuild UP-TO-DATE
> Task :app:preDebugBuild UP-TO-DATE
> Task :app:mergeDebugNativeDebugMetadata NO-SOURCE
> Task :app:checkKotlinGradlePluginConfigurationErrors SKIPPED
> Task :app:checkDebugAarMetadata
> Task :app:checkDebugAarMetadata UP-TO-DATE
> Task :app:processDebugNavigationResources UP-TO-DATE
> Task :app:compileDebugNavigationResources UP-TO-DATE
> Task :app:generateDebugResValues UP-TO-DATE
> Task :app:mapDebugSourceSetPaths UP-TO-DATE
> Task :app:generateDebugResources UP-TO-DATE
> Task :app:mergeDebugResources UP-TO-DATE
> Task :app:packageDebugResources UP-TO-DATE
> Task :app:parseDebugLocalResources UP-TO-DATE
> Task :app:createDebugCompatibleScreenManifests UP-TO-DATE
> Task :app:extractDeepLinksDebug UP-TO-DATE
> Task :app:processDebugMainManifest UP-TO-DATE
> Task :app:processDebugManifest UP-TO-DATE
> Task :app:processDebugManifestForPackage UP-TO-DATE
> Task :app:processDebugResources UP-TO-DATE
> Task :app:javaPreCompileDebug UP-TO-DATE
> Task :app:mergeDebugShaders UP-TO-DATE
> Task :app:compileDebugShaders NO-SOURCE
> Task :app:generateDebugAssets UP-TO-DATE
> Task :app:mergeDebugAssets UP-TO-DATE
> Task :app:compressDebugAssets UP-TO-DATE
> Task :app:checkDebugDuplicateClasses UP-TO-DATE
> Task :app:desugarDebugFileDependencies UP-TO-DATE
> Task :app:mergeExtDexDebug UP-TO-DATE
> Task :app:mergeLibDexDebug UP-TO-DATE
> Task :app:mergeDebugJniLibFolders UP-TO-DATE
> Task :app:mergeDebugNativeLibs UP-TO-DATE
> Task :app:stripDebugDebugSymbols UP-TO-DATE
> Task :app:validateSigningDebug UP-TO-DATE
> Task :app:writeDebugAppMetadata UP-TO-DATE
> Task :app:writeDebugSigningConfigVersions UP-TO-DATE

> Task :app:kaptGenerateStubsDebugKotlin
w: Kapt currently doesn't support language version 2.0+. Falling back to 1.9.

> Task :app:kaptDebugKotlin

> Task :app:compileDebugKotlin FAILED
e: file:///Users/alexpimenta/Projects/PerueiroPlatform/PerueiroApp/app/src/main/java/com/idealinspecao/perueiroapp/data/local/IdealRepository.kt:251:48 Overload resolution ambiguity between candidates:
fun <T, R : Comparable<R>> Iterable<T>.minOfOrNull(selector: (T) -> R): R?
fun <T> Iterable<T>.minOfOrNull(selector: (T) -> Double): Double?
fun <T> Iterable<T>.minOfOrNull(selector: (T) -> Float): Float?
e: file:///Users/alexpimenta/Projects/PerueiroPlatform/PerueiroApp/app/src/main/java/com/idealinspecao/perueiroapp/data/local/IdealRepository.kt:262:36 Argument type mismatch: actual type is 'R?', but 'K?' was expected.
e: file:///Users/alexpimenta/Projects/PerueiroPlatform/PerueiroApp/app/src/main/java/com/idealinspecao/perueiroapp/data/local/IdealRepository.kt:262:49 Cannot infer type for this parameter. Please specify it explicitly.
e: file:///Users/alexpimenta/Projects/PerueiroPlatform/PerueiroApp/app/src/main/java/com/idealinspecao/perueiroapp/data/local/IdealRepository.kt:262:49 Unresolved reference. None of the following candidates is applicable because of a receiver type mismatch:
fun <T, R> T.let(block: (T) -> R): R
    [R|Contract description]
     <
        CallsInPlace(block, EXACTLY_ONCE)
    >
e: file:///Users/alexpimenta/Projects/PerueiroPlatform/PerueiroApp/app/src/main/java/com/idealinspecao/perueiroapp/data/local/IdealRepository.kt:262:53 Cannot infer type for this parameter. Please specify it explicitly.
e: file:///Users/alexpimenta/Projects/PerueiroPlatform/PerueiroApp/app/src/main/java/com/idealinspecao/perueiroapp/data/local/IdealRepository.kt:262:80 Argument type mismatch: actual type is 'kotlin.Boolean', but 'K' was expected.

FAILURE: Build failed with an exception.

* What went wrong:
Execution failed for task ':app:compileDebugKotlin'.
> A failure occurred while executing org.jetbrains.kotlin.compilerRunner.GradleCompilerRunnerWithWorkers$GradleKotlinCompilerWorkAction
   > Compilation error. See log for more details

* Try:
> Run with --stacktrace option to get the stack trace.
> Run with --info or --debug option to get more log output.
> Run with --scan to get full insights.
> Get more help at https://help.gradle.org.

BUILD FAILED in 1m 44s
32 actionable tasks: 3 executed, 29 up-to-date
